<?xml version="1.0" encoding="UTF-8"?>
<testsuite name="My first SoapUI Project.TestSuite 1" tests="5" failures="1" errors="0" time="9.118"><properties><property name="soapui.properties" value="soapui.properties"/><property name="java.runtime.name" value="Java(TM) SE Runtime Environment"/><property name="sun.boot.library.path" value="C:\Program Files\SmartBear\SoapUI-5.4.0\jre\bin"/><property name="java.vm.version" value="25.152-b16"/><property name="soapui.ext.actions" value="C:\Program Files\SmartBear\SoapUI-5.4.0\bin\actions"/><property name="soapui.ext.libraries" value="C:\Program Files\SmartBear\SoapUI-5.4.0\bin\ext"/><property name="java.vm.vendor" value="Oracle Corporation"/><property name="java.vendor.url" value="http://java.oracle.com/"/><property name="path.separator" value=";"/><property name="java.vm.name" value="Java HotSpot(TM) 64-Bit Server VM"/><property name="file.encoding.pkg" value="sun.io"/><property name="user.country" value="IN"/><property name="user.script" value=""/><property name="sun.java.launcher" value="SUN_STANDARD"/><property name="sun.os.patch.level" value=""/><property name="java.vm.specification.name" value="Java Virtual Machine Specification"/><property name="user.dir" value="C:\Program Files\SmartBear\SoapUI-5.4.0\bin"/><property name="java.runtime.version" value="1.8.0_152-b16"/><property name="java.awt.graphicsenv" value="sun.awt.Win32GraphicsEnvironment"/><property name="java.endorsed.dirs" value="C:\Program Files\SmartBear\SoapUI-5.4.0\jre\lib\endorsed"/><property name="os.arch" value="amd64"/><property name="java.io.tmpdir" value="C:\Users\SANKET~1\AppData\Local\Temp\"/><property name="line.separator" value="
"/><property name="java.vm.specification.vendor" value="Oracle Corporation"/><property name="user.variant" value=""/><property name="os.name" value="Windows 10"/><property name="sun.jnu.encoding" value="Cp1252"/><property name="java.library.path" value="C:\Program Files\SmartBear\SoapUI-5.4.0\jre\bin;C:\WINDOWS\Sun\Java\bin;C:\WINDOWS\system32;C:\WINDOWS;C:\Program Files\Java\jdk1.8.0_151/bin;C:\Program Files\Java\jdk1.8.0_151/bin;C:\Program Files\Docker\Docker\Resources\bin;C:\ProgramData\Oracle\Java\javapath;C:\Program Files (x86)\Intel\iCLS Client\;C:\Program Files\Intel\iCLS Client\;C:\WINDOWS\system32;C:\WINDOWS;C:\WINDOWS\System32\Wbem;C:\WINDOWS\System32\WindowsPowerShell\v1.0\;C:\Program Files\Microsoft SQL Server\130\Tools\Binn\;C:\Program Files\dotnet\;C:\Program Files (x86)\Intel\Intel(R) Management Engine Components\DAL;C:\Program Files\Intel\Intel(R) Management Engine Components\DAL;C:\Program Files (x86)\Intel\Intel(R) Management Engine Components\IPT;C:\Program Files\Intel\Intel(R) Management Engine Components\IPT;C:\Program Files\Git\cmd;C:\Program Files (x86)\NVIDIA Corporation\PhysX\Common;C:\Program Files\Java\jdk1.8.0_151\bin;C:\maven\apache-maven-3.5.3-bin\apache-maven-3.5.3\bin;C:\Program Files\Intel\WiFi\bin\;C:\Program Files\Common Files\Intel\WirelessCommon\;C:\wamp64\bin\php\php5.6.25;C:\ProgramData\ComposerSetup\bin;C:\Program Files\nodejs\;C:\Users\Sanketh Shanbhag\AppData\Local\Programs\Python\Python36-32\Scripts\;C:\Users\Sanketh Shanbhag\AppData\Local\Programs\Python\Python36-32\;C:\Users\Sanketh Shanbhag\AppData\Local\Microsoft\WindowsApps;C:\Program Files\Microsoft VS Code\bin;C:\Users\Sanketh Shanbhag\AppData\Local\GitHubDesktop\bin;C:\Users\Sanketh Shanbhag\AppData\Local\Microsoft\WindowsApps;C:\Users\Sanketh Shanbhag\AppData\Local\atom\bin;C:\Program Files (x86)\Sophos\Sophos SSL VPN Client\bin;C:\Users\Sanketh Shanbhag\AppData\Roaming\Composer\vendor\bin;C:\Users\Sanketh Shanbhag\AppData\Roaming\npm;."/><property name="soapui.home" value="C:\Program Files\SmartBear\SoapUI-5.4.0\bin\"/><property name="sun.awt.enableExtraMouseButtons" value="true"/><property name="java.specification.name" value="Java Platform API Specification"/><property name="java.class.version" value="52.0"/><property name="sun.management.compiler" value="HotSpot 64-Bit Tiered Compilers"/><property name="os.version" value="10.0"/><property name="user.home" value="C:\Users\Sanketh Shanbhag"/><property name="user.timezone" value="Asia/Calcutta"/><property name="java.awt.printerjob" value="sun.awt.windows.WPrinterJob"/><property name="file.encoding" value="Cp1252"/><property name="java.specification.version" value="1.8"/><property name="java.class.path" value="C:\Program Files\SmartBear\SoapUI-5.4.0\bin\soapui-5.4.0.jar;C:\Program Files\SmartBear\SoapUI-5.4.0\bin\..\lib\activation-1.1.jar;C:\Program Files\SmartBear\SoapUI-5.4.0\bin\..\lib\analytics-core-5.4.0.jar;C:\Program Files\SmartBear\SoapUI-5.4.0\bin\..\lib\animal-sniffer-annotations-1.11.jar;C:\Program Files\SmartBear\SoapUI-5.4.0\bin\..\lib\bcprov-jdk15-144.jar;C:\Program Files\SmartBear\SoapUI-5.4.0\bin\..\lib\binding-2.0.1.jar;C:\Program Files\SmartBear\SoapUI-5.4.0\bin\..\lib\commons-beanutils-1.7.0.jar;C:\Program Files\SmartBear\SoapUI-5.4.0\bin\..\lib\commons-cli-1.2.jar;C:\Program Files\SmartBear\SoapUI-5.4.0\bin\..\lib\commons-codec-1.3.jar;C:\Program Files\SmartBear\SoapUI-5.4.0\bin\..\lib\commons-collections-3.2.2.jar;C:\Program Files\SmartBear\SoapUI-5.4.0\bin\..\lib\commons-httpclient-3.1.jar;C:\Program Files\SmartBear\SoapUI-5.4.0\bin\..\lib\commons-io-2.4.jar;C:\Program Files\SmartBear\SoapUI-5.4.0\bin\..\lib\commons-lang-2.4.jar;C:\Program Files\SmartBear\SoapUI-5.4.0\bin\..\lib\commons-logging-1.1.1.jar;C:\Program Files\SmartBear\SoapUI-5.4.0\bin\..\lib\cssparser-0.9.5.jar;C:\Program Files\SmartBear\SoapUI-5.4.0\bin\..\lib\dom4j-1.6.1.jar;C:\Program Files\SmartBear\SoapUI-5.4.0\bin\..\lib\ezmorph-1.0.5.jar;C:\Program Files\SmartBear\SoapUI-5.4.0\bin\..\lib\flex-messaging-common-1.0.jar;C:\Program Files\SmartBear\SoapUI-5.4.0\bin\..\lib\flex-messaging-core-1.0.jar;C:\Program Files\SmartBear\SoapUI-5.4.0\bin\..\lib\flex-messaging-opt-1.0.jar;C:\Program Files\SmartBear\SoapUI-5.4.0\bin\..\lib\flex-messaging-proxy-1.0.jar;C:\Program Files\SmartBear\SoapUI-5.4.0\bin\..\lib\flex-messaging-remoting-1.0.jar;C:\Program Files\SmartBear\SoapUI-5.4.0\bin\..\lib\forms-1.0.7.jar;C:\Program Files\SmartBear\SoapUI-5.4.0\bin\..\lib\google-http-client-1.21.0.jar;C:\Program Files\SmartBear\SoapUI-5.4.0\bin\..\lib\google-oauth-client-1.21.0.jar;C:\Program Files\SmartBear\SoapUI-5.4.0\bin\..\lib\groovy-all-2.4.4.jar;C:\Program Files\SmartBear\SoapUI-5.4.0\bin\..\lib\guava-14.0.jar;C:\Program Files\SmartBear\SoapUI-5.4.0\bin\..\lib\hamcrest-core-1.3.jar;C:\Program Files\SmartBear\SoapUI-5.4.0\bin\..\lib\hermes-1.14.jar;C:\Program Files\SmartBear\SoapUI-5.4.0\bin\..\lib\htmlunit-2.7.jar;C:\Program Files\SmartBear\SoapUI-5.4.0\bin\..\lib\htmlunit-core-js-2.7.jar;C:\Program Files\SmartBear\SoapUI-5.4.0\bin\..\lib\httpclient-4.1.1.jar;C:\Program Files\SmartBear\SoapUI-5.4.0\bin\..\lib\httpclient-cache-4.1.1.jar;C:\Program Files\SmartBear\SoapUI-5.4.0\bin\..\lib\httpcore-4.1.1.jar;C:\Program Files\SmartBear\SoapUI-5.4.0\bin\..\lib\httpcore-nio-4.1.1.jar;C:\Program Files\SmartBear\SoapUI-5.4.0\bin\..\lib\httpmime-4.1.1.jar;C:\Program Files\SmartBear\SoapUI-5.4.0\bin\..\lib\i4jruntime-5.1.14.jar;C:\Program Files\SmartBear\SoapUI-5.4.0\bin\..\lib\jackson-annotations-2.3.0.jar;C:\Program Files\SmartBear\SoapUI-5.4.0\bin\..\lib\jackson-core-2.3.0.jar;C:\Program Files\SmartBear\SoapUI-5.4.0\bin\..\lib\jackson-databind-2.3.0.jar;C:\Program Files\SmartBear\SoapUI-5.4.0\bin\..\lib\javassist-3.16.1-GA.jar;C:\Program Files\SmartBear\SoapUI-5.4.0\bin\..\lib\jaxen-1.1-beta-8.jar;C:\Program Files\SmartBear\SoapUI-5.4.0\bin\..\lib\jcifs-1.2.9.jar;C:\Program Files\SmartBear\SoapUI-5.4.0\bin\..\lib\jdom-1.0.jar;C:\Program Files\SmartBear\SoapUI-5.4.0\bin\..\lib\jettison-1.2.jar;C:\Program Files\SmartBear\SoapUI-5.4.0\bin\..\lib\jetty-6.1.26.jar;C:\Program Files\SmartBear\SoapUI-5.4.0\bin\..\lib\jetty-util-6.1.26.jar;C:\Program Files\SmartBear\SoapUI-5.4.0\bin\..\lib\jms-1.1.jar;C:\Program Files\SmartBear\SoapUI-5.4.0\bin\..\lib\joda-time-1.6.2.jar;C:\Program Files\SmartBear\SoapUI-5.4.0\bin\..\lib\js-1.7R2.jar;C:\Program Files\SmartBear\SoapUI-5.4.0\bin\..\lib\json-20090211.jar;C:\Program Files\SmartBear\SoapUI-5.4.0\bin\..\lib\json-lib-2.2.2-jdk15.jar;C:\Program Files\SmartBear\SoapUI-5.4.0\bin\..\lib\json-path-0.9.1.jar;C:\Program Files\SmartBear\SoapUI-5.4.0\bin\..\lib\json-smart-1.2.jar;C:\Program Files\SmartBear\SoapUI-5.4.0\bin\..\lib\jsr173_api-1.0.jar;C:\Program Files\SmartBear\SoapUI-5.4.0\bin\..\lib\jsr305-1.3.9.jar;C:\Program Files\SmartBear\SoapUI-5.4.0\bin\..\lib\jtidy-r872-jdk15.jar;C:\Program Files\SmartBear\SoapUI-5.4.0\bin\..\lib\junit-4.11.jar;C:\Program Files\SmartBear\SoapUI-5.4.0\bin\..\lib\jxl-2.6.jar;C:\Program Files\SmartBear\SoapUI-5.4.0\bin\..\lib\keen-client-api-java-2.0.2.jar;C:\Program Files\SmartBear\SoapUI-5.4.0\bin\..\lib\l2fprod-common-directorychooser-7.3.jar;C:\Program Files\SmartBear\SoapUI-5.4.0\bin\..\lib\l2fprod-common-fontchooser-7.3.jar;C:\Program Files\SmartBear\SoapUI-5.4.0\bin\..\lib\log4j-1.2.14.jar;C:\Program Files\SmartBear\SoapUI-5.4.0\bin\..\lib\looks-2.2.0.jar;C:\Program Files\SmartBear\SoapUI-5.4.0\bin\..\lib\mail-1.4.jar;C:\Program Files\SmartBear\SoapUI-5.4.0\bin\..\lib\maven-plugin-api-2.0.jar;C:\Program Files\SmartBear\SoapUI-5.4.0\bin\..\lib\mixpanel-java-1.4.4.jar;C:\Program Files\SmartBear\SoapUI-5.4.0\bin\..\lib\nekohtml-1.9.14.jar;C:\Program Files\SmartBear\SoapUI-5.4.0\bin\..\lib\not-yet-commons-ssl-0.3.11.jar;C:\Program Files\SmartBear\SoapUI-5.4.0\bin\..\lib\opensaml-2.5.1-1.jar;C:\Program Files\SmartBear\SoapUI-5.4.0\bin\..\lib\openws-1.4.2-1.jar;C:\Program Files\SmartBear\SoapUI-5.4.0\bin\..\lib\org.apache.oltu.oauth2.client-0.31.jar;C:\Program Files\SmartBear\SoapUI-5.4.0\bin\..\lib\org.apache.oltu.oauth2.common-0.31.jar;C:\Program Files\SmartBear\SoapUI-5.4.0\bin\..\lib\org.apache.oltu.oauth2.httpclient4-0.31.jar;C:\Program Files\SmartBear\SoapUI-5.4.0\bin\..\lib\out-app-analytics-provider-5.4.0.jar;C:\Program Files\SmartBear\SoapUI-5.4.0\bin\..\lib\proxy-vole-20131209.jar;C:\Program Files\SmartBear\SoapUI-5.4.0\bin\..\lib\reflections-0.9.9-RC1.jar;C:\Program Files\SmartBear\SoapUI-5.4.0\bin\..\lib\rsyntaxtextarea-2.5.0.jar;C:\Program Files\SmartBear\SoapUI-5.4.0\bin\..\lib\sac-1.3.jar;C:\Program Files\SmartBear\SoapUI-5.4.0\bin\..\lib\saxon-9.1.0.8j.jar;C:\Program Files\SmartBear\SoapUI-5.4.0\bin\..\lib\saxon-dom-9.1.0.8j.jar;C:\Program Files\SmartBear\SoapUI-5.4.0\bin\..\lib\serializer-2.7.1.jar;C:\Program Files\SmartBear\SoapUI-5.4.0\bin\..\lib\servlet-api-2.5-20081211.jar;C:\Program Files\SmartBear\SoapUI-5.4.0\bin\..\lib\slf4j-api-1.6.1.jar;C:\Program Files\SmartBear\SoapUI-5.4.0\bin\..\lib\slf4j-log4j12-1.6.4.jar;C:\Program Files\SmartBear\SoapUI-5.4.0\bin\..\lib\swingx-soapui.jar;C:\Program Files\SmartBear\SoapUI-5.4.0\bin\..\lib\ws-commons-util-1.0.2.jar;C:\Program Files\SmartBear\SoapUI-5.4.0\bin\..\lib\wsdl4j-1.6.2-fixed.jar;C:\Program Files\SmartBear\SoapUI-5.4.0\bin\..\lib\wss4j-1.6.16.jar;C:\Program Files\SmartBear\SoapUI-5.4.0\bin\..\lib\xalan-2.7.1.jar;C:\Program Files\SmartBear\SoapUI-5.4.0\bin\..\lib\xbean-fixed-2.4.0.jar;C:\Program Files\SmartBear\SoapUI-5.4.0\bin\..\lib\xbean_xpath-2.4.0.jar;C:\Program Files\SmartBear\SoapUI-5.4.0\bin\..\lib\xercesImpl-2.9.1.jar;C:\Program Files\SmartBear\SoapUI-5.4.0\bin\..\lib\xml-apis-1.3.04.jar;C:\Program Files\SmartBear\SoapUI-5.4.0\bin\..\lib\xml-apis-2.9.1.jar;C:\Program Files\SmartBear\SoapUI-5.4.0\bin\..\lib\xmlParserAPIs-2.6.2.jar;C:\Program Files\SmartBear\SoapUI-5.4.0\bin\..\lib\xmlpublic-2.4.0.jar;C:\Program Files\SmartBear\SoapUI-5.4.0\bin\..\lib\xmlsec-1.4.5.jar;C:\Program Files\SmartBear\SoapUI-5.4.0\bin\..\lib\xmltooling-1.3.2-1.jar;C:\Program Files\SmartBear\SoapUI-5.4.0\bin\..\lib\xmlunit-1.2.jar;C:\Program Files\SmartBear\SoapUI-5.4.0\bin\..\lib\xom-1.1.jar;C:\Program Files\SmartBear\SoapUI-5.4.0\bin\..\lib\xstream-1.3.1.jar;C:\Program Files\SmartBear\SoapUI-5.4.0\jre\lib\jfxrt.jar"/><property name="user.name" value="Sanketh Shanbhag"/><property name="soapui.ext.listeners" value="C:\Program Files\SmartBear\SoapUI-5.4.0\bin\listeners"/><property name="java.vm.specification.version" value="1.8"/><property name="sun.java.command" value="com.eviware.soapui.tools.SoapUITestCaseRunner -sTestSuite 1 -cDriver -r -a -j -J -fC:\soapui\result C:\soapui\My-first-SoapUI-Project-soapui-project.xml"/><property name="java.home" value="C:\Program Files\SmartBear\SoapUI-5.4.0\jre"/><property name="sun.arch.data.model" value="64"/><property name="user.language" value="en"/><property name="java.specification.vendor" value="Oracle Corporation"/><property name="awt.toolkit" value="sun.awt.windows.WToolkit"/><property name="java.vm.info" value="mixed mode"/><property name="java.version" value="1.8.0_152"/><property name="java.ext.dirs" value="C:\Program Files\SmartBear\SoapUI-5.4.0\jre\lib\ext;C:\WINDOWS\Sun\Java\lib\ext"/><property name="sun.boot.class.path" value="C:\Program Files\SmartBear\SoapUI-5.4.0\jre\lib\resources.jar;C:\Program Files\SmartBear\SoapUI-5.4.0\jre\lib\rt.jar;C:\Program Files\SmartBear\SoapUI-5.4.0\jre\lib\sunrsasign.jar;C:\Program Files\SmartBear\SoapUI-5.4.0\jre\lib\jsse.jar;C:\Program Files\SmartBear\SoapUI-5.4.0\jre\lib\jce.jar;C:\Program Files\SmartBear\SoapUI-5.4.0\jre\lib\charsets.jar;C:\Program Files\SmartBear\SoapUI-5.4.0\jre\lib\jfr.jar;C:\Program Files\SmartBear\SoapUI-5.4.0\jre\classes"/><property name="java.vendor" value="Oracle Corporation"/><property name="file.separator" value="\"/><property name="java.vendor.url.bug" value="http://bugreport.sun.com/bugreport/"/><property name="sun.io.unicode.encoding" value="UnicodeLittle"/><property name="sun.cpu.endian" value="little"/><property name="sun.desktop" value="windows"/><property name="sun.cpu.isalist" value="amd64"/></properties><testcase name="TestCase 1" time="0.976"><properties><property name="city" value="Melbourne"/><property name="state" value="Victoria"/></properties></testcase><testcase name="TestCase 1" time="1.032"><properties><property name="city" value="Brisbane"/><property name="state" value="Queensland"/></properties></testcase><testcase name="TestCase 1" time="0.894"><properties><property name="city" value="no name city"/><property name="state" value="No Name Country"/></properties><failure type="Cancelling due to failed test step" message="Cancelling due to failed test step"><![CDATA[<h3><b>Request for State Failed</b></h3><pre>[Verify if the Statename is correct.] Comparison failed for path [$.results[0].address_components[1].long_name], expecting [No Name Country], actual was [Pleasant Valley Drive]
[Verify the Country name] Missing token [Australia] in Response
[Script Assertion] assert json.results[0].address_components[1].long_name == context.expand('${#TestCase#State}')
       |    |      |   |                 |   |         |  |       |
       |    |      |   |                 |   |         |  |       No Name Country
       |    |      |   |                 |   |         |  [httpClient:com.eviware.soapui.impl.wsdl.support.http.HttpClientSupport$SoapUIHttpClient@143f711b, ThreadIndex:0, wsdlRequest:com.eviware.soapui.impl.wsdl.teststeps.RestTestRequest@44b57dd, requestTransport:com.eviware.soapui.impl.wsdl.submit.transports.http.HttpClientRequestTransport@19b5ca6b, requestUri:http://maps.googleapis.com/maps/api/geocode/json, httpMethod:com.eviware.soapui.impl.wsdl.submit.transports.http.support.methods.ExtendedGetMethod@1dedc2e5, com.eviware.soapui.impl.wsdl.support.assertions.AssertedXPathsContainer:com.eviware.soapui.impl.wsdl.teststeps.RestRequestStepResult@373b06c4, postMethod:com.eviware.soapui.impl.wsdl.submit.transports.http.support.methods.ExtendedGetMethod@1dedc2e5, RunCount:0, #HTTP_STATE:null, httpResponseProperties:[address:no name city, type:json], httpResponse:com.eviware.soapui.impl.wsdl.submit.transports.http.SinglePartHttpResponse@3676b235, requestContent:]
       |    |      |   |                 |   |         false
       |    |      |   |                 |   Pleasant Valley Drive
       |    |      |   |                 [long_name:Pleasant Valley Drive, short_name:Pleasant Valley Dr, types:[route]]
       |    |      |   [[long_name:20899, short_name:20899, types:[street_number]], [long_name:Pleasant Valley Drive, short_name:Pleasant Valley Dr, types:[route]], [long_name:Sturgis, short_name:Sturgis, types:[locality, political]], [long_name:Southwest Meade, short_name:Southwest Meade, types:[administrative_area_level_3, political]], [long_name:Meade County, short_name:Meade County, types:[administrative_area_level_2, political]], [long_name:South Dakota, short_name:SD, types:[administrative_area_level_1, political]], [long_name:United States, short_name:US, types:[country, political]], [long_name:57785, short_name:57785, types:[postal_code]], [long_name:6404, short_name:6404, types:[postal_code_suffix]]]
       |    |      [address_components:[[long_name:20899, short_name:20899, types:[street_number]], [long_name:Pleasant Valley Drive, short_name:Pleasant Valley Dr, types:[route]], [long_name:Sturgis, short_name:Sturgis, types:[locality, political]], [long_name:Southwest Meade, short_name:Southwest Meade, types:[administrative_area_level_3, political]], [long_name:Meade County, short_name:Meade County, types:[administrative_area_level_2, political]], [long_name:South Dakota, short_name:SD, types:[administrative_area_level_1, political]], [long_name:United States, short_name:US, types:[country, political]], [long_name:57785, short_name:57785, types:[postal_code]], [long_name:6404, short_name:6404, types:[postal_code_suffix]]], formatted_address:20899 Pleasant Valley Dr, Sturgis, SD 57785, USA, geometry:[location:[lat:44.364114, lng:-103.46828], location_type:ROOFTOP, viewport:[northeast:[lat:44.3654629802915, lng:-103.4669310197085], southwest:[lat:44.3627650197085, lng:-103.4696289802915]]], place_id:ChIJPeB3DY5aLVMRcwR9Ykmbcwk, types:[establishment, point_of_interest]]
       |    [[address_components:[[long_name:20899, short_name:20899, types:[street_number]], [long_name:Pleasant Valley Drive, short_name:Pleasant Valley Dr, types:[route]], [long_name:Sturgis, short_name:Sturgis, types:[locality, political]], [long_name:Southwest Meade, short_name:Southwest Meade, types:[administrative_area_level_3, political]], [long_name:Meade County, short_name:Meade County, types:[administrative_area_level_2, political]], [long_name:South Dakota, short_name:SD, types:[administrative_area_level_1, political]], [long_name:United States, short_name:US, types:[country, political]], [long_name:57785, short_name:57785, types:[postal_code]], [long_name:6404, short_name:6404, types:[postal_code_suffix]]], formatted_address:20899 Pleasant Valley Dr, Sturgis, SD 57785, USA, geometry:[location:[lat:44.364114, lng:-103.46828], location_type:ROOFTOP, viewport:[northeast:[lat:44.3654629802915, lng:-103.4669310197085], southwest:[lat:44.3627650197085, lng:-103.4696289802915]]], place_id:ChIJPeB3DY5aLVMRcwR9Ykmbcwk, types:[establishment, point_of_interest]]]
       [results:[[address_components:[[long_name:20899, short_name:20899, types:[street_number]], [long_name:Pleasant Valley Drive, short_name:Pleasant Valley Dr, types:[route]], [long_name:Sturgis, short_name:Sturgis, types:[locality, political]], [long_name:Southwest Meade, short_name:Southwest Meade, types:[administrative_area_level_3, political]], [long_name:Meade County, short_name:Meade County, types:[administrative_area_level_2, political]], [long_name:South Dakota, short_name:SD, types:[administrative_area_level_1, political]], [long_name:United States, short_name:US, types:[country, political]], [long_name:57785, short_name:57785, types:[postal_code]], [long_name:6404, short_name:6404, types:[postal_code_suffix]]], formatted_address:20899 Pleasant Valley Dr, Sturgis, SD 57785, USA, geometry:[location:[lat:44.364114, lng:-103.46828], location_type:ROOFTOP, viewport:[northeast:[lat:44.3654629802915, lng:-103.4669310197085], southwest:[lat:44.3627650197085, lng:-103.4696289802915]]], place_id:ChIJPeB3DY5aLVMRcwR9Ykmbcwk, types:[establishment, point_of_interest]]], status:OK]
</pre><hr/>]]></failure></testcase><testcase name="TestCase 1" time="0.731"><properties><property name="city" value="Sydney"/><property name="state" value="New South Wales"/></properties></testcase><testcase name="Driver" time="5.485"><properties/></testcase></testsuite>